2018-10-06 20:45:50.690+0000 WARN [o.n.i.p.PageCache] The dbms.memory.pagecache.size setting has not been configured. It is recommended that this setting is always explicitly configured, to ensure the system has a balanced configuration. Until then, a computed heuristic value of 3087247360 bytes will be used instead. Run `neo4j-admin memrec` for memory configuration suggestions.
2018-10-06 20:45:52.017+0000 INFO [o.n.k.i.f.CommunityEditionModule] No locking implementation specified, defaulting to 'community'
2018-10-06 20:45:52.500+0000 INFO [o.n.k.AvailabilityGuard] Requirement makes database unavailable: Database available
2018-10-06 20:45:52.526+0000 INFO [o.n.k.i.DiagnosticsManager] --- INITIALIZED diagnostics START ---
2018-10-06 20:45:52.526+0000 INFO [o.n.k.i.DiagnosticsManager] Neo4j Kernel properties:
2018-10-06 20:45:52.526+0000 INFO [o.n.k.i.DiagnosticsManager] dbms.connector.http.enabled=true
2018-10-06 20:45:52.526+0000 INFO [o.n.k.i.DiagnosticsManager] dbms.security.auth_enabled=false
2018-10-06 20:45:52.527+0000 INFO [o.n.k.i.DiagnosticsManager] dbms.windows_service_name=neo4j
2018-10-06 20:45:52.527+0000 INFO [o.n.k.i.DiagnosticsManager] dbms.connector.http.listen_address=localhost:7474
2018-10-06 20:45:52.527+0000 INFO [o.n.k.i.DiagnosticsManager] dbms.connector.https.listen_address=localhost:7473
2018-10-06 20:45:52.527+0000 INFO [o.n.k.i.DiagnosticsManager] unsupported.dbms.directories.neo4j_home=/home/ibrah/dev/friends_of_friends/db/neo4j/development
2018-10-06 20:45:52.528+0000 INFO [o.n.k.i.DiagnosticsManager] dbms.connector.bolt.listen_address=localhost:7472
2018-10-06 20:45:52.528+0000 INFO [o.n.k.i.DiagnosticsManager] dbms.directories.import=import
2018-10-06 20:45:52.528+0000 INFO [o.n.k.i.DiagnosticsManager] unsupported.dbms.edition=community
2018-10-06 20:45:52.528+0000 INFO [o.n.k.i.DiagnosticsManager] dbms.connector.bolt.enabled=true
2018-10-06 20:45:52.528+0000 INFO [o.n.k.i.DiagnosticsManager] dbms.connector.https.enabled=false
2018-10-06 20:45:52.529+0000 INFO [o.n.k.i.DiagnosticsManager] dbms.jvm.additional=-Dunsupported.dbms.udc.source=tarball
2018-10-06 20:45:52.529+0000 INFO [o.n.k.i.DiagnosticsManager] dbms.tx_log.rotation.retention_policy=1 days
2018-10-06 20:45:52.529+0000 INFO [o.n.k.i.DiagnosticsManager] Diagnostics providers:
2018-10-06 20:45:52.529+0000 INFO [o.n.k.i.DiagnosticsManager] org.neo4j.kernel.configuration.Config
2018-10-06 20:45:52.530+0000 INFO [o.n.k.i.DiagnosticsManager] org.neo4j.kernel.info.DiagnosticsManager
2018-10-06 20:45:52.530+0000 INFO [o.n.k.i.DiagnosticsManager] SYSTEM_MEMORY
2018-10-06 20:45:52.530+0000 INFO [o.n.k.i.DiagnosticsManager] JAVA_MEMORY
2018-10-06 20:45:52.530+0000 INFO [o.n.k.i.DiagnosticsManager] OPERATING_SYSTEM
2018-10-06 20:45:52.530+0000 INFO [o.n.k.i.DiagnosticsManager] JAVA_VIRTUAL_MACHINE
2018-10-06 20:45:52.531+0000 INFO [o.n.k.i.DiagnosticsManager] CLASSPATH
2018-10-06 20:45:52.531+0000 INFO [o.n.k.i.DiagnosticsManager] LIBRARY_PATH
2018-10-06 20:45:52.531+0000 INFO [o.n.k.i.DiagnosticsManager] SYSTEM_PROPERTIES
2018-10-06 20:45:52.531+0000 INFO [o.n.k.i.DiagnosticsManager] TIMEZONE_DATABASE
2018-10-06 20:45:52.531+0000 INFO [o.n.k.i.DiagnosticsManager] LINUX_SCHEDULERS
2018-10-06 20:45:52.532+0000 INFO [o.n.k.i.DiagnosticsManager] NETWORK
2018-10-06 20:45:52.532+0000 INFO [o.n.k.i.DiagnosticsManager] System memory information:
2018-10-06 20:45:52.569+0000 INFO [o.n.k.i.DiagnosticsManager] Total Physical memory: 7.67 GB
2018-10-06 20:45:52.570+0000 INFO [o.n.k.i.DiagnosticsManager] Free Physical memory: 365.34 MB
2018-10-06 20:45:52.571+0000 INFO [o.n.k.i.DiagnosticsManager] Committed virtual memory: 4.94 GB
2018-10-06 20:45:52.572+0000 INFO [o.n.k.i.DiagnosticsManager] Total swap space: 2.00 GB
2018-10-06 20:45:52.572+0000 INFO [o.n.k.i.DiagnosticsManager] Free swap space: 2.00 GB
2018-10-06 20:45:52.572+0000 INFO [o.n.k.i.DiagnosticsManager] JVM memory information:
2018-10-06 20:45:52.572+0000 INFO [o.n.k.i.DiagnosticsManager] Free  memory: 103.04 MB
2018-10-06 20:45:52.573+0000 INFO [o.n.k.i.DiagnosticsManager] Total memory: 124.00 MB
2018-10-06 20:45:52.573+0000 INFO [o.n.k.i.DiagnosticsManager] Max   memory: 1.92 GB
2018-10-06 20:45:52.681+0000 INFO [o.n.k.i.DiagnosticsManager] Garbage Collector: G1 Young Generation: [G1 Eden Space, G1 Survivor Space]
2018-10-06 20:45:52.681+0000 INFO [o.n.k.i.DiagnosticsManager] Garbage Collector: G1 Old Generation: [G1 Eden Space, G1 Survivor Space, G1 Old Gen]
2018-10-06 20:45:52.682+0000 INFO [o.n.k.i.DiagnosticsManager] Memory Pool: Code Cache (Non-heap memory): committed=5.75 MB, used=5.69 MB, max=240.00 MB, threshold=0.00 B
2018-10-06 20:45:52.682+0000 INFO [o.n.k.i.DiagnosticsManager] Memory Pool: Metaspace (Non-heap memory): committed=15.38 MB, used=14.36 MB, max=-1.00 B, threshold=0.00 B
2018-10-06 20:45:52.683+0000 INFO [o.n.k.i.DiagnosticsManager] Memory Pool: Compressed Class Space (Non-heap memory): committed=2.13 MB, used=1.89 MB, max=1.00 GB, threshold=0.00 B
2018-10-06 20:45:52.683+0000 INFO [o.n.k.i.DiagnosticsManager] Memory Pool: G1 Eden Space (Heap memory): committed=72.00 MB, used=9.00 MB, max=-1.00 B, threshold=?
2018-10-06 20:45:52.683+0000 INFO [o.n.k.i.DiagnosticsManager] Memory Pool: G1 Survivor Space (Heap memory): committed=6.00 MB, used=6.00 MB, max=-1.00 B, threshold=?
2018-10-06 20:45:52.684+0000 INFO [o.n.k.i.DiagnosticsManager] Memory Pool: G1 Old Gen (Heap memory): committed=46.00 MB, used=5.46 MB, max=1.92 GB, threshold=0.00 B
2018-10-06 20:45:52.684+0000 INFO [o.n.k.i.DiagnosticsManager] Operating system information:
2018-10-06 20:45:52.684+0000 INFO [o.n.k.i.DiagnosticsManager] Operating System: Linux; version: 4.4.0-137-generic; arch: amd64; cpus: 4
2018-10-06 20:45:52.685+0000 INFO [o.n.k.i.DiagnosticsManager] Max number of file descriptors: 1048576
2018-10-06 20:45:52.685+0000 INFO [o.n.k.i.DiagnosticsManager] Number of open file descriptors: 116
2018-10-06 20:45:52.685+0000 INFO [o.n.k.i.DiagnosticsManager] Process id: 7437@ibrah-B400A
2018-10-06 20:45:52.686+0000 INFO [o.n.k.i.DiagnosticsManager] Byte order: LITTLE_ENDIAN
2018-10-06 20:45:52.690+0000 INFO [o.n.k.i.DiagnosticsManager] Local timezone: Europe/Madrid
2018-10-06 20:45:52.690+0000 INFO [o.n.k.i.DiagnosticsManager] JVM information:
2018-10-06 20:45:52.690+0000 INFO [o.n.k.i.DiagnosticsManager] VM Name: Java HotSpot(TM) 64-Bit Server VM
2018-10-06 20:45:52.690+0000 INFO [o.n.k.i.DiagnosticsManager] VM Vendor: Oracle Corporation
2018-10-06 20:45:52.691+0000 INFO [o.n.k.i.DiagnosticsManager] VM Version: 25.181-b13
2018-10-06 20:45:52.697+0000 INFO [o.n.k.i.DiagnosticsManager] JIT compiler: HotSpot 64-Bit Tiered Compilers
2018-10-06 20:45:52.712+0000 INFO [o.n.k.i.DiagnosticsManager] VM Arguments: [-XX:+UseG1GC, -XX:-OmitStackTraceInFastThrow, -XX:+AlwaysPreTouch, -XX:+UnlockExperimentalVMOptions, -XX:+TrustFinalNonStaticFields, -XX:+DisableExplicitGC, -Djdk.tls.ephemeralDHKeySize=2048, -Djdk.tls.rejectClientInitiatedRenegotiation=true, -Dunsupported.dbms.udc.source=tarball, -Dfile.encoding=UTF-8]
2018-10-06 20:45:52.712+0000 INFO [o.n.k.i.DiagnosticsManager] Java classpath:
2018-10-06 20:45:52.722+0000 INFO [o.n.k.i.DiagnosticsManager]  [classpath + loader.0] file:/home/ibrah/dev/friends_of_friends/db/neo4j/development/lib/neo4j-cypher-frontend-3.1-3.1.8.jar
2018-10-06 20:45:52.722+0000 INFO [o.n.k.i.DiagnosticsManager]  [classpath + loader.0] file:/home/ibrah/dev/friends_of_friends/db/neo4j/development/lib/scala-reflect-2.11.12.jar
2018-10-06 20:45:52.722+0000 INFO [o.n.k.i.DiagnosticsManager]  [classpath + loader.0] file:/home/ibrah/dev/friends_of_friends/db/neo4j/development/lib/neo4j-ssl-3.4.1.jar
2018-10-06 20:45:52.722+0000 INFO [o.n.k.i.DiagnosticsManager]  [loader.1] file:/usr/lib/jvm/java-8-oracle/jre/lib/ext/zipfs.jar
2018-10-06 20:45:52.722+0000 INFO [o.n.k.i.DiagnosticsManager]  [classpath + loader.0] file:/home/ibrah/dev/friends_of_friends/db/neo4j/development/lib/javax.servlet-api-3.1.0.jar
2018-10-06 20:45:52.723+0000 INFO [o.n.k.i.DiagnosticsManager]  [classpath + loader.0] file:/home/ibrah/dev/friends_of_friends/db/neo4j/development/lib/neo4j-cypher-planner-spi-3.4-3.4.1.jar
2018-10-06 20:45:52.723+0000 INFO [o.n.k.i.DiagnosticsManager]  [classpath + loader.0] file:/home/ibrah/dev/friends_of_friends/db/neo4j/development/lib/neo4j-bolt-3.4.1.jar
2018-10-06 20:45:52.723+0000 INFO [o.n.k.i.DiagnosticsManager]  [classpath + loader.0] file:/home/ibrah/dev/friends_of_friends/db/neo4j/development/plugins/
2018-10-06 20:45:52.723+0000 INFO [o.n.k.i.DiagnosticsManager]  [classpath + loader.0] file:/home/ibrah/dev/friends_of_friends/db/neo4j/development/lib/neo4j-shell-3.4.1.jar
2018-10-06 20:45:52.723+0000 INFO [o.n.k.i.DiagnosticsManager]  [classpath + loader.0] file:/home/ibrah/dev/friends_of_friends/db/neo4j/development/lib/caffeine-2.6.2.jar
2018-10-06 20:45:52.723+0000 INFO [o.n.k.i.DiagnosticsManager]  [classpath + loader.0] file:/home/ibrah/dev/friends_of_friends/db/neo4j/development/lib/neo4j-udc-3.4.1.jar
2018-10-06 20:45:52.724+0000 INFO [o.n.k.i.DiagnosticsManager]  [classpath + loader.0] file:/home/ibrah/dev/friends_of_friends/db/neo4j/development/lib/neo4j-collections-3.4.1.jar
2018-10-06 20:45:52.724+0000 INFO [o.n.k.i.DiagnosticsManager]  [classpath + loader.0] file:/home/ibrah/dev/friends_of_friends/db/neo4j/development/lib/commons-configuration-1.10.jar
2018-10-06 20:45:52.724+0000 INFO [o.n.k.i.DiagnosticsManager]  [bootstrap] /usr/lib/jvm/java-8-oracle/jre/lib/jfr.jar
2018-10-06 20:45:52.724+0000 INFO [o.n.k.i.DiagnosticsManager]  [classpath + loader.0] file:/home/ibrah/dev/friends_of_friends/db/neo4j/development/lib/neo4j-procedure-api-3.4.1.jar
2018-10-06 20:45:52.724+0000 INFO [o.n.k.i.DiagnosticsManager]  [classpath + loader.0] file:/home/ibrah/dev/friends_of_friends/db/neo4j/development/lib/neo4j-cypher-interpreted-runtime-3.4.1.jar
2018-10-06 20:45:52.724+0000 INFO [o.n.k.i.DiagnosticsManager]  [classpath + loader.0] file:/home/ibrah/dev/friends_of_friends/db/neo4j/development/lib/neo4j-cypher-ir-3.3-3.3.5.jar
2018-10-06 20:45:52.724+0000 INFO [o.n.k.i.DiagnosticsManager]  [classpath + loader.0] file:/home/ibrah/dev/friends_of_friends/db/neo4j/development/lib/server-api-3.4.1.jar
2018-10-06 20:45:52.724+0000 INFO [o.n.k.i.DiagnosticsManager]  [classpath + loader.0] file:/home/ibrah/dev/friends_of_friends/db/neo4j/development/lib/neo4j-graphdb-api-3.4.1.jar
2018-10-06 20:45:52.724+0000 INFO [o.n.k.i.DiagnosticsManager]  [classpath + loader.0] file:/home/ibrah/dev/friends_of_friends/db/neo4j/development/lib/neo4j-spatial-index-3.4.1.jar
2018-10-06 20:45:52.725+0000 INFO [o.n.k.i.DiagnosticsManager]  [classpath + loader.0] file:/home/ibrah/dev/friends_of_friends/db/neo4j/development/lib/jetty-server-9.4.8.v20171121.jar
2018-10-06 20:45:52.725+0000 INFO [o.n.k.i.DiagnosticsManager]  [classpath + loader.0] file:/home/ibrah/dev/friends_of_friends/db/neo4j/development/lib/lucene-core-5.5.5.jar
2018-10-06 20:45:52.725+0000 INFO [o.n.k.i.DiagnosticsManager]  [classpath + loader.0] file:/home/ibrah/dev/friends_of_friends/db/neo4j/development/lib/lucene-analyzers-common-5.5.5.jar
2018-10-06 20:45:52.725+0000 INFO [o.n.k.i.DiagnosticsManager]  [bootstrap] /usr/lib/jvm/java-8-oracle/jre/lib/jsse.jar
2018-10-06 20:45:52.726+0000 INFO [o.n.k.i.DiagnosticsManager]  [classpath + loader.0] file:/home/ibrah/dev/friends_of_friends/db/neo4j/development/lib/jPowerShell-1.9.jar
2018-10-06 20:45:52.726+0000 INFO [o.n.k.i.DiagnosticsManager]  [classpath + loader.0] file:/home/ibrah/dev/friends_of_friends/db/neo4j/development/lib/jersey-core-1.19.3.jar
2018-10-06 20:45:52.726+0000 INFO [o.n.k.i.DiagnosticsManager]  [classpath + loader.0] file:/home/ibrah/dev/friends_of_friends/db/neo4j/development/lib/neo4j-consistency-check-3.4.1.jar
2018-10-06 20:45:52.726+0000 INFO [o.n.k.i.DiagnosticsManager]  [loader.1] file:/usr/lib/jvm/java-8-oracle/jre/lib/ext/cldrdata.jar
2018-10-06 20:45:52.726+0000 INFO [o.n.k.i.DiagnosticsManager]  [classpath + loader.0] file:/home/ibrah/dev/friends_of_friends/db/neo4j/development/lib/neo4j-cypher-frontend-3.3-3.3.5.jar
2018-10-06 20:45:52.726+0000 INFO [o.n.k.i.DiagnosticsManager]  [classpath + loader.0] file:/home/ibrah/dev/friends_of_friends/db/neo4j/development/lib/neo4j-cypher-logical-plans-3.3-3.3.5.jar
2018-10-06 20:45:52.726+0000 INFO [o.n.k.i.DiagnosticsManager]  [classpath + loader.0] file:/usr/lib/jvm/java-8-oracle/lib/tools.jar
2018-10-06 20:45:52.726+0000 INFO [o.n.k.i.DiagnosticsManager]  [loader.1] file:/usr/lib/jvm/java-8-oracle/jre/lib/ext/sunec.jar
2018-10-06 20:45:52.727+0000 INFO [o.n.k.i.DiagnosticsManager]  [classpath + loader.0] file:/home/ibrah/dev/friends_of_friends/db/neo4j/development/lib/neo4j-security-3.4.1.jar
2018-10-06 20:45:52.727+0000 INFO [o.n.k.i.DiagnosticsManager]  [classpath + loader.0] file:/home/ibrah/dev/friends_of_friends/db/neo4j/development/lib/jProcesses-1.6.4.jar
2018-10-06 20:45:52.727+0000 INFO [o.n.k.i.DiagnosticsManager]  [classpath + loader.0] file:/home/ibrah/dev/friends_of_friends/db/neo4j/development/lib/neo4j-kernel-3.4.1.jar
2018-10-06 20:45:52.727+0000 INFO [o.n.k.i.DiagnosticsManager]  [classpath + loader.0] file:/home/ibrah/dev/friends_of_friends/db/neo4j/development/lib/commons-compress-1.16.1.jar
2018-10-06 20:45:52.727+0000 INFO [o.n.k.i.DiagnosticsManager]  [classpath + loader.0] file:/home/ibrah/dev/friends_of_friends/db/neo4j/development/lib/jackson-jaxrs-1.9.13.jar
2018-10-06 20:45:52.727+0000 INFO [o.n.k.i.DiagnosticsManager]  [classpath + loader.0] file:/home/ibrah/dev/friends_of_friends/db/neo4j/development/lib/neo4j-command-line-3.4.1.jar
2018-10-06 20:45:52.727+0000 INFO [o.n.k.i.DiagnosticsManager]  [classpath + loader.0] file:/home/ibrah/dev/friends_of_friends/db/neo4j/development/lib/jsr311-api-1.1.2.r612.jar
2018-10-06 20:45:52.727+0000 INFO [o.n.k.i.DiagnosticsManager]  [loader.1] file:/usr/lib/jvm/java-8-oracle/jre/lib/ext/sunjce_provider.jar
2018-10-06 20:45:52.728+0000 INFO [o.n.k.i.DiagnosticsManager]  [classpath + loader.0] file:/home/ibrah/dev/friends_of_friends/db/neo4j/development/lib/jersey-servlet-1.19.3.jar
2018-10-06 20:45:52.728+0000 INFO [o.n.k.i.DiagnosticsManager]  [classpath + loader.0] file:/home/ibrah/dev/friends_of_friends/db/neo4j/development/lib/neo4j-primitive-collections-3.4.1.jar
2018-10-06 20:45:52.728+0000 INFO [o.n.k.i.DiagnosticsManager]  [classpath + loader.0] file:/home/ibrah/dev/friends_of_friends/db/neo4j/development/lib/jetty-security-9.4.8.v20171121.jar
2018-10-06 20:45:52.728+0000 INFO [o.n.k.i.DiagnosticsManager]  [classpath + loader.0] file:/home/ibrah/dev/friends_of_friends/db/neo4j/development/conf/
2018-10-06 20:45:52.728+0000 INFO [o.n.k.i.DiagnosticsManager]  [classpath + loader.0] file:/home/ibrah/dev/friends_of_friends/db/neo4j/development/lib/lucene-queryparser-5.5.5.jar
2018-10-06 20:45:52.728+0000 INFO [o.n.k.i.DiagnosticsManager]  [classpath + loader.0] file:/home/ibrah/dev/friends_of_friends/db/neo4j/development/lib/parboiled-scala_2.11-1.1.7.jar
2018-10-06 20:45:52.728+0000 INFO [o.n.k.i.DiagnosticsManager]  [classpath + loader.0] file:/home/ibrah/dev/friends_of_friends/db/neo4j/development/lib/neo4j-import-tool-3.4.1.jar
2018-10-06 20:45:52.728+0000 INFO [o.n.k.i.DiagnosticsManager]  [classpath + loader.0] file:/home/ibrah/dev/friends_of_friends/db/neo4j/development/lib/neo4j-browser-3.1.14.jar
2018-10-06 20:45:52.729+0000 INFO [o.n.k.i.DiagnosticsManager]  [classpath + loader.0] file:/home/ibrah/dev/friends_of_friends/db/neo4j/development/lib/bcprov-jdk15on-1.59.jar
2018-10-06 20:45:52.729+0000 INFO [o.n.k.i.DiagnosticsManager]  [classpath + loader.0] file:/home/ibrah/dev/friends_of_friends/db/neo4j/development/lib/commons-lang-2.6.jar
2018-10-06 20:45:52.729+0000 INFO [o.n.k.i.DiagnosticsManager]  [loader.1] file:/usr/lib/jvm/java-8-oracle/jre/lib/ext/dnsns.jar
2018-10-06 20:45:52.729+0000 INFO [o.n.k.i.DiagnosticsManager]  [classpath + loader.0] file:/home/ibrah/dev/friends_of_friends/db/neo4j/development/lib/neo4j-cypher-util-3.4-3.4.1.jar
2018-10-06 20:45:52.729+0000 INFO [o.n.k.i.DiagnosticsManager]  [classpath + loader.0] file:/home/ibrah/dev/friends_of_friends/db/neo4j/development/lib/jline-2.12.jar
2018-10-06 20:45:52.729+0000 INFO [o.n.k.i.DiagnosticsManager]  [classpath + loader.0] file:/home/ibrah/dev/friends_of_friends/db/neo4j/development/lib/jetty-util-9.4.8.v20171121.jar
2018-10-06 20:45:52.729+0000 INFO [o.n.k.i.DiagnosticsManager]  [classpath + loader.0] file:/home/ibrah/dev/friends_of_friends/db/neo4j/development/lib/neo4j-values-3.4.1.jar
2018-10-06 20:45:52.729+0000 INFO [o.n.k.i.DiagnosticsManager]  [classpath + loader.0] file:/home/ibrah/dev/friends_of_friends/db/neo4j/development/lib/neo4j-graph-algo-3.4.1.jar
2018-10-06 20:45:52.730+0000 INFO [o.n.k.i.DiagnosticsManager]  [classpath + loader.0] file:/home/ibrah/dev/friends_of_friends/db/neo4j/development/lib/jersey-server-1.19.3.jar
2018-10-06 20:45:52.730+0000 INFO [o.n.k.i.DiagnosticsManager]  [classpath + loader.0] file:/home/ibrah/dev/friends_of_friends/db/neo4j/development/lib/neo4j-index-3.4.1.jar
2018-10-06 20:45:52.730+0000 INFO [o.n.k.i.DiagnosticsManager]  [classpath + loader.0] file:/home/ibrah/dev/friends_of_friends/db/neo4j/development/lib/jetty-servlet-9.4.8.v20171121.jar
2018-10-06 20:45:52.730+0000 INFO [o.n.k.i.DiagnosticsManager]  [classpath + loader.0] file:/home/ibrah/dev/friends_of_friends/db/neo4j/development/lib/scala-library-2.11.12.jar
2018-10-06 20:45:52.730+0000 INFO [o.n.k.i.DiagnosticsManager]  [classpath + loader.0] file:/home/ibrah/dev/friends_of_friends/db/neo4j/development/lib/jackson-mapper-asl-1.9.13.jar
2018-10-06 20:45:52.730+0000 INFO [o.n.k.i.DiagnosticsManager]  [classpath + loader.0] file:/home/ibrah/dev/friends_of_friends/db/neo4j/development/lib/neo4j-common-3.4.1.jar
2018-10-06 20:45:52.731+0000 INFO [o.n.k.i.DiagnosticsManager]  [classpath + loader.0] file:/home/ibrah/dev/friends_of_friends/db/neo4j/development/lib/neo4j-kernel-api-3.4.1.jar
2018-10-06 20:45:52.731+0000 INFO [o.n.k.i.DiagnosticsManager]  [loader.1] file:/usr/lib/jvm/java-8-oracle/jre/lib/ext/jfxrt.jar
2018-10-06 20:45:52.731+0000 INFO [o.n.k.i.DiagnosticsManager]  [bootstrap] /usr/lib/jvm/java-8-oracle/jre/lib/jce.jar
2018-10-06 20:45:52.731+0000 INFO [o.n.k.i.DiagnosticsManager]  [classpath + loader.0] file:/home/ibrah/dev/friends_of_friends/db/neo4j/development/lib/neo4j-cypher-frontend-2.3-2.3.12.jar
2018-10-06 20:45:52.731+0000 INFO [o.n.k.i.DiagnosticsManager]  [classpath + loader.0] file:/home/ibrah/dev/friends_of_friends/db/neo4j/development/lib/parboiled-core-1.1.7.jar
2018-10-06 20:45:52.731+0000 INFO [o.n.k.i.DiagnosticsManager]  [classpath + loader.0] file:/home/ibrah/dev/friends_of_friends/db/neo4j/development/lib/WMI4Java-1.6.1.jar
2018-10-06 20:45:52.732+0000 INFO [o.n.k.i.DiagnosticsManager]  [classpath + loader.0] file:/home/ibrah/dev/friends_of_friends/db/neo4j/development/lib/openCypher-frontend-1-3.4.1.jar
2018-10-06 20:45:52.732+0000 INFO [o.n.k.i.DiagnosticsManager]  [loader.1] file:/usr/lib/jvm/java-8-oracle/jre/lib/ext/jaccess.jar
2018-10-06 20:45:52.732+0000 INFO [o.n.k.i.DiagnosticsManager]  [classpath + loader.0] file:/home/ibrah/dev/friends_of_friends/db/neo4j/development/lib/netty-all-4.1.24.Final.jar
2018-10-06 20:45:52.732+0000 INFO [o.n.k.i.DiagnosticsManager]  [classpath + loader.0] file:/home/ibrah/dev/friends_of_friends/db/neo4j/development/lib/neo4j-io-3.4.1.jar
2018-10-06 20:45:52.732+0000 INFO [o.n.k.i.DiagnosticsManager]  [classpath + loader.0] file:/home/ibrah/dev/friends_of_friends/db/neo4j/development/lib/commons-text-1.3.jar
2018-10-06 20:45:52.732+0000 INFO [o.n.k.i.DiagnosticsManager]  [loader.1] file:/usr/lib/jvm/java-8-oracle/jre/lib/ext/sunpkcs11.jar
2018-10-06 20:45:52.732+0000 INFO [o.n.k.i.DiagnosticsManager]  [classpath + loader.0] file:/home/ibrah/dev/friends_of_friends/db/neo4j/development/lib/neo4j-cypher-logical-plans-3.4-3.4.1.jar
2018-10-06 20:45:52.733+0000 INFO [o.n.k.i.DiagnosticsManager]  [classpath + loader.0] file:/home/ibrah/dev/friends_of_friends/db/neo4j/development/lib/bcpkix-jdk15on-1.59.jar
2018-10-06 20:45:52.733+0000 INFO [o.n.k.i.DiagnosticsManager]  [classpath + loader.0] file:/home/ibrah/dev/friends_of_friends/db/neo4j/development/lib/commons-logging-1.1.1.jar
2018-10-06 20:45:52.734+0000 INFO [o.n.k.i.DiagnosticsManager]  [classpath + loader.0] file:/home/ibrah/dev/friends_of_friends/db/neo4j/development/lib/neo4j-cypher-ir-3.4-3.4.1.jar
2018-10-06 20:45:52.734+0000 INFO [o.n.k.i.DiagnosticsManager]  [classpath + loader.0] file:/home/ibrah/dev/friends_of_friends/db/neo4j/development/lib/jackson-core-asl-1.9.13.jar
2018-10-06 20:45:52.734+0000 INFO [o.n.k.i.DiagnosticsManager]  [classpath + loader.0] file:/home/ibrah/dev/friends_of_friends/db/neo4j/development/lib/opencsv-2.3.jar
2018-10-06 20:45:52.734+0000 INFO [o.n.k.i.DiagnosticsManager]  [bootstrap] /usr/lib/jvm/java-8-oracle/jre/lib/rt.jar
2018-10-06 20:45:52.734+0000 INFO [o.n.k.i.DiagnosticsManager]  [classpath + loader.0] file:/home/ibrah/dev/friends_of_friends/db/neo4j/development/lib/neo4j-unsafe-3.4.1.jar
2018-10-06 20:45:52.734+0000 INFO [o.n.k.i.DiagnosticsManager]  [classpath + loader.0] file:/home/ibrah/dev/friends_of_friends/db/neo4j/development/lib/neo4j-cypher-compiler-2.3-2.3.12.jar
2018-10-06 20:45:52.734+0000 INFO [o.n.k.i.DiagnosticsManager]  [classpath + loader.0] file:/home/ibrah/dev/friends_of_friends/db/neo4j/development/lib/neo4j-cypher-expression-3.4-3.4.1.jar
2018-10-06 20:45:52.734+0000 INFO [o.n.k.i.DiagnosticsManager]  [classpath + loader.0] file:/home/ibrah/dev/friends_of_friends/db/neo4j/development/lib/neo4j-cypher-runtime-util-3.4.1.jar
2018-10-06 20:45:52.735+0000 INFO [o.n.k.i.DiagnosticsManager]  [classpath + loader.0] file:/home/ibrah/dev/friends_of_friends/db/neo4j/development/lib/neo4j-logging-3.4.1.jar
2018-10-06 20:45:52.735+0000 INFO [o.n.k.i.DiagnosticsManager]  [bootstrap] /usr/lib/jvm/java-8-oracle/jre/lib/charsets.jar
2018-10-06 20:45:52.735+0000 INFO [o.n.k.i.DiagnosticsManager]  [classpath + loader.0] file:/home/ibrah/dev/friends_of_friends/db/neo4j/development/plugins/*
2018-10-06 20:45:52.735+0000 INFO [o.n.k.i.DiagnosticsManager]  [classpath + loader.0] file:/home/ibrah/dev/friends_of_friends/db/neo4j/development/lib/neo4j-lucene-upgrade-3.4.1.jar
2018-10-06 20:45:52.735+0000 INFO [o.n.k.i.DiagnosticsManager]  [classpath + loader.0] file:/home/ibrah/dev/friends_of_friends/db/neo4j/development/lib/objenesis-2.6.jar
2018-10-06 20:45:52.735+0000 INFO [o.n.k.i.DiagnosticsManager]  [classpath + loader.0] file:/home/ibrah/dev/friends_of_friends/db/neo4j/development/lib/rhino-1.7.9.jar
2018-10-06 20:45:52.735+0000 INFO [o.n.k.i.DiagnosticsManager]  [classpath + loader.0] file:/home/ibrah/dev/friends_of_friends/db/neo4j/development/lib/neo4j-csv-3.4.1.jar
2018-10-06 20:45:52.735+0000 INFO [o.n.k.i.DiagnosticsManager]  [classpath + loader.0] file:/home/ibrah/dev/friends_of_friends/db/neo4j/development/lib/neo4j-jmx-3.4.1.jar
2018-10-06 20:45:52.735+0000 INFO [o.n.k.i.DiagnosticsManager]  [classpath + loader.0] file:/home/ibrah/dev/friends_of_friends/db/neo4j/development/lib/commons-lang3-3.7.jar
2018-10-06 20:45:52.736+0000 INFO [o.n.k.i.DiagnosticsManager]  [bootstrap] /usr/lib/jvm/java-8-oracle/jre/classes
2018-10-06 20:45:52.736+0000 INFO [o.n.k.i.DiagnosticsManager]  [classpath + loader.0] file:/home/ibrah/dev/friends_of_friends/db/neo4j/development/lib/jetty-io-9.4.8.v20171121.jar
2018-10-06 20:45:52.736+0000 INFO [o.n.k.i.DiagnosticsManager]  [classpath + loader.0] file:/home/ibrah/dev/friends_of_friends/db/neo4j/development/lib/neo4j-graph-matching-3.1.6.jar
2018-10-06 20:45:52.736+0000 INFO [o.n.k.i.DiagnosticsManager]  [classpath + loader.0] file:/home/ibrah/dev/friends_of_friends/db/neo4j/development/lib/jetty-xml-9.4.8.v20171121.jar
2018-10-06 20:45:52.736+0000 INFO [o.n.k.i.DiagnosticsManager]  [classpath + loader.0] file:/home/ibrah/dev/friends_of_friends/db/neo4j/development/lib/neo4j-codegen-3.4.1.jar
2018-10-06 20:45:52.736+0000 INFO [o.n.k.i.DiagnosticsManager]  [classpath + loader.0] file:/home/ibrah/dev/friends_of_friends/db/neo4j/development/lib/neo4j-dbms-3.4.1.jar
2018-10-06 20:45:52.736+0000 INFO [o.n.k.i.DiagnosticsManager]  [classpath + loader.0] file:/home/ibrah/dev/friends_of_friends/db/neo4j/development/lib/jetty-webapp-9.4.8.v20171121.jar
2018-10-06 20:45:52.736+0000 INFO [o.n.k.i.DiagnosticsManager]  [loader.1] file:/usr/lib/jvm/java-8-oracle/jre/lib/ext/nashorn.jar
2018-10-06 20:45:52.736+0000 INFO [o.n.k.i.DiagnosticsManager]  [classpath + loader.0] file:/home/ibrah/dev/friends_of_friends/db/neo4j/development/lib/neo4j-cypher-compiler-3.1-3.1.8.jar
2018-10-06 20:45:52.736+0000 INFO [o.n.k.i.DiagnosticsManager]  [classpath + loader.0] file:/home/ibrah/dev/friends_of_friends/db/neo4j/development/lib/lucene-codecs-5.5.5.jar
2018-10-06 20:45:52.736+0000 INFO [o.n.k.i.DiagnosticsManager]  [classpath + loader.0] file:/home/ibrah/dev/friends_of_friends/db/neo4j/development/lib/neo4j-lucene-index-3.4.1.jar
2018-10-06 20:45:52.737+0000 INFO [o.n.k.i.DiagnosticsManager]  [bootstrap] /usr/lib/jvm/java-8-oracle/jre/lib/sunrsasign.jar
2018-10-06 20:45:52.737+0000 INFO [o.n.k.i.DiagnosticsManager]  [classpath + loader.0] file:/home/ibrah/dev/friends_of_friends/db/neo4j/development/lib/jetty-http-9.4.8.v20171121.jar
2018-10-06 20:45:52.737+0000 INFO [o.n.k.i.DiagnosticsManager]  [bootstrap] /usr/lib/jvm/java-8-oracle/jre/lib/resources.jar
2018-10-06 20:45:52.737+0000 INFO [o.n.k.i.DiagnosticsManager]  [loader.1] file:/usr/lib/jvm/java-8-oracle/jre/lib/ext/localedata.jar
2018-10-06 20:45:52.737+0000 INFO [o.n.k.i.DiagnosticsManager]  [classpath + loader.0] file:/home/ibrah/dev/friends_of_friends/db/neo4j/development/lib/neo4j-cypher-3.4.1.jar
2018-10-06 20:45:52.737+0000 INFO [o.n.k.i.DiagnosticsManager]  [classpath + loader.0] file:/home/ibrah/dev/friends_of_friends/db/neo4j/development/lib/neo4j-cypher-compiler-3.3-3.3.5.jar
2018-10-06 20:45:52.737+0000 INFO [o.n.k.i.DiagnosticsManager]  [classpath + loader.0] file:/home/ibrah/dev/friends_of_friends/db/neo4j/development/lib/neo4j-configuration-3.4.1.jar
2018-10-06 20:45:52.737+0000 INFO [o.n.k.i.DiagnosticsManager]  [classpath + loader.0] file:/home/ibrah/dev/friends_of_friends/db/neo4j/development/lib/concurrentlinkedhashmap-lru-1.4.2.jar
2018-10-06 20:45:52.737+0000 INFO [o.n.k.i.DiagnosticsManager]  [classpath + loader.0] file:/home/ibrah/dev/friends_of_friends/db/neo4j/development/lib/neo4j-cypher-planner-3.4-3.4.1.jar
2018-10-06 20:45:52.737+0000 INFO [o.n.k.i.DiagnosticsManager]  [classpath + loader.0] file:/home/ibrah/dev/friends_of_friends/db/neo4j/development/lib/commons-io-2.6.jar
2018-10-06 20:45:52.737+0000 INFO [o.n.k.i.DiagnosticsManager]  [classpath + loader.0] file:/home/ibrah/dev/friends_of_friends/db/neo4j/development/lib/neo4j-server-3.4.1.jar
2018-10-06 20:45:52.738+0000 INFO [o.n.k.i.DiagnosticsManager]  [classpath + loader.0] file:/home/ibrah/dev/friends_of_friends/db/neo4j/development/lib/neo4j-resource-3.4.1.jar
2018-10-06 20:45:52.738+0000 INFO [o.n.k.i.DiagnosticsManager] Library path:
2018-10-06 20:45:52.738+0000 INFO [o.n.k.i.DiagnosticsManager] /home/ibrah/.linuxbrew/lib64
2018-10-06 20:45:52.738+0000 INFO [o.n.k.i.DiagnosticsManager] /home/ibrah/.linuxbrew/lib
2018-10-06 20:45:52.738+0000 INFO [o.n.k.i.DiagnosticsManager] /home/ibrah/dev/friends_of_friends
2018-10-06 20:45:52.738+0000 INFO [o.n.k.i.DiagnosticsManager] /usr/java/packages/lib/amd64
2018-10-06 20:45:52.738+0000 INFO [o.n.k.i.DiagnosticsManager] /usr/lib64
2018-10-06 20:45:52.738+0000 INFO [o.n.k.i.DiagnosticsManager] /lib64
2018-10-06 20:45:52.739+0000 INFO [o.n.k.i.DiagnosticsManager] /lib
2018-10-06 20:45:52.739+0000 INFO [o.n.k.i.DiagnosticsManager] /usr/lib
2018-10-06 20:45:52.739+0000 INFO [o.n.k.i.DiagnosticsManager] System.properties:
2018-10-06 20:45:52.739+0000 INFO [o.n.k.i.DiagnosticsManager] sun.boot.library.path = /usr/lib/jvm/java-8-oracle/jre/lib/amd64
2018-10-06 20:45:52.740+0000 INFO [o.n.k.i.DiagnosticsManager] jdk.tls.rejectClientInitiatedRenegotiation = true
2018-10-06 20:45:52.740+0000 INFO [o.n.k.i.DiagnosticsManager] path.separator = :
2018-10-06 20:45:52.740+0000 INFO [o.n.k.i.DiagnosticsManager] file.encoding.pkg = sun.io
2018-10-06 20:45:52.740+0000 INFO [o.n.k.i.DiagnosticsManager] user.country = ES
2018-10-06 20:45:52.740+0000 INFO [o.n.k.i.DiagnosticsManager] sun.java.launcher = SUN_STANDARD
2018-10-06 20:45:52.740+0000 INFO [o.n.k.i.DiagnosticsManager] sun.os.patch.level = unknown
2018-10-06 20:45:52.740+0000 INFO [o.n.k.i.DiagnosticsManager] user.dir = /home/ibrah/dev/friends_of_friends
2018-10-06 20:45:52.740+0000 INFO [o.n.k.i.DiagnosticsManager] sun.jnu.encoding = UTF-8
2018-10-06 20:45:52.740+0000 INFO [o.n.k.i.DiagnosticsManager] unsupported.dbms.udc.source = tarball
2018-10-06 20:45:52.740+0000 INFO [o.n.k.i.DiagnosticsManager] sun.management.compiler = HotSpot 64-Bit Tiered Compilers
2018-10-06 20:45:52.740+0000 INFO [o.n.k.i.DiagnosticsManager] user.home = /home/ibrah
2018-10-06 20:45:52.740+0000 INFO [o.n.k.i.DiagnosticsManager] user.timezone = Europe/Madrid
2018-10-06 20:45:52.740+0000 INFO [o.n.k.i.DiagnosticsManager] file.encoding = UTF-8
2018-10-06 20:45:52.741+0000 INFO [o.n.k.i.DiagnosticsManager] user.name = ibrah
2018-10-06 20:45:52.741+0000 INFO [o.n.k.i.DiagnosticsManager] sun.java.command = org.neo4j.server.CommunityEntryPoint --home-dir=/home/ibrah/dev/friends_of_friends/db/neo4j/development --config-dir=/home/ibrah/dev/friends_of_friends/db/neo4j/development/conf
2018-10-06 20:45:52.741+0000 INFO [o.n.k.i.DiagnosticsManager] sun.arch.data.model = 64
2018-10-06 20:45:52.741+0000 INFO [o.n.k.i.DiagnosticsManager] user.language = es
2018-10-06 20:45:52.741+0000 INFO [o.n.k.i.DiagnosticsManager] awt.toolkit = sun.awt.X11.XToolkit
2018-10-06 20:45:52.741+0000 INFO [o.n.k.i.DiagnosticsManager] jdk.tls.ephemeralDHKeySize = 2048
2018-10-06 20:45:52.741+0000 INFO [o.n.k.i.DiagnosticsManager] file.separator = /
2018-10-06 20:45:52.741+0000 INFO [o.n.k.i.DiagnosticsManager] sun.io.unicode.encoding = UnicodeLittle
2018-10-06 20:45:52.741+0000 INFO [o.n.k.i.DiagnosticsManager] sun.cpu.endian = little
2018-10-06 20:45:52.741+0000 INFO [o.n.k.i.DiagnosticsManager] sun.desktop = gnome
2018-10-06 20:45:52.741+0000 INFO [o.n.k.i.DiagnosticsManager] sun.cpu.isalist = 
2018-10-06 20:45:52.741+0000 INFO [o.n.k.i.DiagnosticsManager] (IANA) TimeZone Database Version:
2018-10-06 20:45:52.810+0000 INFO [o.n.k.i.DiagnosticsManager]   TimeZone version: 2018e (available for 599 zone identifiers)
2018-10-06 20:45:52.811+0000 INFO [o.n.k.i.DiagnosticsManager] Linux scheduler information:
2018-10-06 20:45:52.948+0000 INFO [o.n.k.i.DiagnosticsManager] noop [deadline] cfq 
2018-10-06 20:45:52.950+0000 INFO [o.n.k.i.DiagnosticsManager] none
2018-10-06 20:45:52.951+0000 INFO [o.n.k.i.DiagnosticsManager] none
2018-10-06 20:45:52.952+0000 INFO [o.n.k.i.DiagnosticsManager] none
2018-10-06 20:45:52.952+0000 INFO [o.n.k.i.DiagnosticsManager] none
2018-10-06 20:45:52.952+0000 INFO [o.n.k.i.DiagnosticsManager] none
2018-10-06 20:45:52.954+0000 INFO [o.n.k.i.DiagnosticsManager] none
2018-10-06 20:45:52.955+0000 INFO [o.n.k.i.DiagnosticsManager] none
2018-10-06 20:45:52.956+0000 INFO [o.n.k.i.DiagnosticsManager] none
2018-10-06 20:45:52.956+0000 INFO [o.n.k.i.DiagnosticsManager] none
2018-10-06 20:45:52.957+0000 INFO [o.n.k.i.DiagnosticsManager] none
2018-10-06 20:45:52.957+0000 INFO [o.n.k.i.DiagnosticsManager] Network information:
2018-10-06 20:45:52.958+0000 INFO [o.n.k.i.DiagnosticsManager] Interface docker0:
2018-10-06 20:45:52.959+0000 INFO [o.n.k.i.DiagnosticsManager]     address: 172.17.0.1
2018-10-06 20:45:52.959+0000 INFO [o.n.k.i.DiagnosticsManager] Interface wlan0:
2018-10-06 20:45:52.959+0000 INFO [o.n.k.i.DiagnosticsManager]     address: fe80:0:0:0:8bdc:708d:2f00:56c%wlan0
2018-10-06 20:45:52.959+0000 INFO [o.n.k.i.DiagnosticsManager]     address: 192.168.8.103
2018-10-06 20:45:52.960+0000 INFO [o.n.k.i.DiagnosticsManager] Interface lo:
2018-10-06 20:45:52.960+0000 INFO [o.n.k.i.DiagnosticsManager]     address: 0:0:0:0:0:0:0:1%lo
2018-10-06 20:45:52.960+0000 INFO [o.n.k.i.DiagnosticsManager]     address: 127.0.0.1
2018-10-06 20:45:52.960+0000 INFO [o.n.k.i.DiagnosticsManager] --- INITIALIZED diagnostics END ---
2018-10-06 20:45:55.582+0000 INFO [o.n.b.BoltKernelExtension] Bolt Server extension loaded.
2018-10-06 20:45:57.779+0000 INFO [o.n.k.i.s.f.RecordFormatSelector] Selected format 'RecordFormat:StandardV3_4[v0.A.9]' for the new store
2018-10-06 20:46:01.432+0000 INFO [o.n.k.i.i.l.NativeLabelScanStore] No scan store found, this might just be first use. Preparing to rebuild.
2018-10-06 20:46:01.668+0000 INFO [o.n.k.NeoStoreDataSource] Rotated to transaction log [/home/ibrah/dev/friends_of_friends/db/neo4j/development/data/databases/graph.db/neostore.transaction.db.0] version=0, last transaction in previous log=1
2018-10-06 20:46:01.669+0000 INFO [o.n.k.NeoStoreDataSource] No commits found after last check point (which is at <no log position given>)
2018-10-06 20:46:01.680+0000 WARN [o.n.k.i.s.MetaDataStore] Missing counts store, rebuilding it.
2018-10-06 20:46:01.776+0000 WARN [o.n.k.i.s.MetaDataStore] Counts store rebuild completed.
2018-10-06 20:46:01.801+0000 INFO [o.n.k.i.i.l.NativeLabelScanStore] Rebuilding scan store, this may take a while
2018-10-06 20:46:01.887+0000 INFO [o.n.k.i.i.l.NativeLabelScanStore] Scan store rebuilt (roughly 0 nodes)
2018-10-06 20:46:01.918+0000 INFO [o.n.k.i.DatabaseHealth] Database health set to OK
2018-10-06 20:46:02.631+0000 INFO [o.n.b.BoltKernelExtension] Bolt enabled on localhost:7472.
2018-10-06 20:46:02.647+0000 INFO [o.n.k.AvailabilityGuard] Fulfilling of requirement makes database available: Database available
2018-10-06 20:46:02.648+0000 INFO [o.n.k.i.f.GraphDatabaseFacadeFactory] Database is now ready
2018-10-06 20:46:02.650+0000 INFO [o.n.k.i.DiagnosticsManager] --- STARTED diagnostics for KernelDiagnostics:Versions START ---
2018-10-06 20:46:02.652+0000 INFO [o.n.k.i.DiagnosticsManager] Graph Database: community single StoreId{creationTime=1538858761033, randomId=1924503116837098510, storeVersion=16094931155187206, upgradeTime=1538858761033, upgradeId=1}
2018-10-06 20:46:02.653+0000 INFO [o.n.k.i.DiagnosticsManager] Kernel version: 3.4.1,bf2fd1991decc5b49b63105e793230f19ccf6f15
2018-10-06 20:46:02.653+0000 INFO [o.n.k.i.DiagnosticsManager] --- STARTED diagnostics for KernelDiagnostics:Versions END ---
2018-10-06 20:46:02.658+0000 INFO [o.n.k.i.DiagnosticsManager] --- STARTED diagnostics for NEO_STORE_VERSIONS START ---
2018-10-06 20:46:02.658+0000 INFO [o.n.k.i.DiagnosticsManager] Store versions:
2018-10-06 20:46:02.658+0000 INFO [o.n.k.i.DiagnosticsManager] Store versions:
2018-10-06 20:46:02.661+0000 INFO [o.n.k.i.DiagnosticsManager]   ArrayPropertyStore v0.A.9
2018-10-06 20:46:02.661+0000 INFO [o.n.k.i.DiagnosticsManager]   NodeStore v0.A.9
2018-10-06 20:46:02.662+0000 INFO [o.n.k.i.DiagnosticsManager]   StringPropertyStore v0.A.9
2018-10-06 20:46:02.662+0000 INFO [o.n.k.i.DiagnosticsManager]   PropertyIndexStore v0.A.9
2018-10-06 20:46:02.662+0000 INFO [o.n.k.i.DiagnosticsManager]   StringPropertyStore v0.A.9
2018-10-06 20:46:02.662+0000 INFO [o.n.k.i.DiagnosticsManager]   ArrayPropertyStore v0.A.9
2018-10-06 20:46:02.662+0000 INFO [o.n.k.i.DiagnosticsManager]   PropertyStore v0.A.9
2018-10-06 20:46:02.662+0000 INFO [o.n.k.i.DiagnosticsManager]   RelationshipStore v0.A.9
2018-10-06 20:46:02.662+0000 INFO [o.n.k.i.DiagnosticsManager]   StringPropertyStore v0.A.9
2018-10-06 20:46:02.663+0000 INFO [o.n.k.i.DiagnosticsManager]   RelationshipTypeStore v0.A.9
2018-10-06 20:46:02.663+0000 INFO [o.n.k.i.DiagnosticsManager]   StringPropertyStore v0.A.9
2018-10-06 20:46:02.663+0000 INFO [o.n.k.i.DiagnosticsManager]   LabelTokenStore v0.A.9
2018-10-06 20:46:02.663+0000 INFO [o.n.k.i.DiagnosticsManager]   SchemaStore v0.A.9
2018-10-06 20:46:02.663+0000 INFO [o.n.k.i.DiagnosticsManager]   RelationshipGroupStore v0.A.9
2018-10-06 20:46:02.663+0000 INFO [o.n.k.i.DiagnosticsManager]   NeoStore v0.A.9
2018-10-06 20:46:02.663+0000 INFO [o.n.k.i.DiagnosticsManager] --- STARTED diagnostics for NEO_STORE_VERSIONS END ---
2018-10-06 20:46:02.663+0000 INFO [o.n.k.i.DiagnosticsManager] --- STARTED diagnostics for NEO_STORE_ID_USAGE START ---
2018-10-06 20:46:02.664+0000 INFO [o.n.k.i.DiagnosticsManager] Id usage:
2018-10-06 20:46:02.664+0000 INFO [o.n.k.i.DiagnosticsManager] Id usage:
2018-10-06 20:46:02.665+0000 INFO [o.n.k.i.DiagnosticsManager]   ArrayPropertyStore: used=1 high=0
2018-10-06 20:46:02.665+0000 INFO [o.n.k.i.DiagnosticsManager]   NodeStore: used=0 high=-1
2018-10-06 20:46:02.665+0000 INFO [o.n.k.i.DiagnosticsManager]   StringPropertyStore: used=1 high=0
2018-10-06 20:46:02.665+0000 INFO [o.n.k.i.DiagnosticsManager]   PropertyIndexStore: used=0 high=-1
2018-10-06 20:46:02.666+0000 INFO [o.n.k.i.DiagnosticsManager]   StringPropertyStore: used=1 high=0
2018-10-06 20:46:02.666+0000 INFO [o.n.k.i.DiagnosticsManager]   ArrayPropertyStore: used=1 high=0
2018-10-06 20:46:02.666+0000 INFO [o.n.k.i.DiagnosticsManager]   PropertyStore: used=0 high=-1
2018-10-06 20:46:02.666+0000 INFO [o.n.k.i.DiagnosticsManager]   RelationshipStore: used=0 high=-1
2018-10-06 20:46:02.666+0000 INFO [o.n.k.i.DiagnosticsManager]   StringPropertyStore: used=1 high=0
2018-10-06 20:46:02.666+0000 INFO [o.n.k.i.DiagnosticsManager]   RelationshipTypeStore: used=0 high=-1
2018-10-06 20:46:02.667+0000 INFO [o.n.k.i.DiagnosticsManager]   StringPropertyStore: used=1 high=0
2018-10-06 20:46:02.667+0000 INFO [o.n.k.i.DiagnosticsManager]   LabelTokenStore: used=0 high=-1
2018-10-06 20:46:02.667+0000 INFO [o.n.k.i.DiagnosticsManager]   SchemaStore: used=1 high=0
2018-10-06 20:46:02.667+0000 INFO [o.n.k.i.DiagnosticsManager]   RelationshipGroupStore: used=1 high=0
2018-10-06 20:46:02.667+0000 INFO [o.n.k.i.DiagnosticsManager]   NeoStore: used=15 high=14
2018-10-06 20:46:02.667+0000 INFO [o.n.k.i.DiagnosticsManager] --- STARTED diagnostics for NEO_STORE_ID_USAGE END ---
2018-10-06 20:46:02.668+0000 INFO [o.n.k.i.DiagnosticsManager] --- STARTED diagnostics for NEO_STORE_RECORDS START ---
2018-10-06 20:46:02.668+0000 INFO [o.n.k.i.DiagnosticsManager] Neostore records:
2018-10-06 20:46:02.669+0000 INFO [o.n.k.i.DiagnosticsManager] TIME (Creation time): 1538858761033
2018-10-06 20:46:02.669+0000 INFO [o.n.k.i.DiagnosticsManager] RANDOM_NUMBER (Random number for store id): 1924503116837098510
2018-10-06 20:46:02.669+0000 INFO [o.n.k.i.DiagnosticsManager] LOG_VERSION (Current log version): 0
2018-10-06 20:46:02.670+0000 INFO [o.n.k.i.DiagnosticsManager] LAST_TRANSACTION_ID (Last committed transaction): 1
2018-10-06 20:46:02.670+0000 INFO [o.n.k.i.DiagnosticsManager] STORE_VERSION (Store format version): 16094931155187206
2018-10-06 20:46:02.670+0000 INFO [o.n.k.i.DiagnosticsManager] FIRST_GRAPH_PROPERTY (First property record containing graph properties): -1
2018-10-06 20:46:02.670+0000 INFO [o.n.k.i.DiagnosticsManager] LAST_CONSTRAINT_TRANSACTION (Last committed transaction containing constraint changes): 0
2018-10-06 20:46:02.670+0000 INFO [o.n.k.i.DiagnosticsManager] UPGRADE_TRANSACTION_ID (Transaction id most recent upgrade was performed at): 1
2018-10-06 20:46:02.671+0000 INFO [o.n.k.i.DiagnosticsManager] UPGRADE_TIME (Time of last upgrade): 1538858761033
2018-10-06 20:46:02.671+0000 INFO [o.n.k.i.DiagnosticsManager] LAST_TRANSACTION_CHECKSUM (Checksum of last committed transaction): 0
2018-10-06 20:46:02.671+0000 INFO [o.n.k.i.DiagnosticsManager] UPGRADE_TRANSACTION_CHECKSUM (Checksum of transaction id the most recent upgrade was performed at): 0
2018-10-06 20:46:02.671+0000 INFO [o.n.k.i.DiagnosticsManager] LAST_CLOSED_TRANSACTION_LOG_VERSION (Log version where the last transaction commit entry has been written into): 0
2018-10-06 20:46:02.671+0000 INFO [o.n.k.i.DiagnosticsManager] LAST_CLOSED_TRANSACTION_LOG_BYTE_OFFSET (Byte offset in the log file where the last transaction commit entry has been written into): 16
2018-10-06 20:46:02.671+0000 INFO [o.n.k.i.DiagnosticsManager] LAST_TRANSACTION_COMMIT_TIMESTAMP (Commit time timestamp for last committed transaction): 0
2018-10-06 20:46:02.671+0000 INFO [o.n.k.i.DiagnosticsManager] UPGRADE_TRANSACTION_COMMIT_TIMESTAMP (Commit timestamp of transaction the most recent upgrade was performed at): 0
2018-10-06 20:46:02.672+0000 INFO [o.n.k.i.DiagnosticsManager] --- STARTED diagnostics for NEO_STORE_RECORDS END ---
2018-10-06 20:46:02.673+0000 INFO [o.n.k.i.DiagnosticsManager] --- STARTED diagnostics for TRANSACTION_RANGE START ---
2018-10-06 20:46:02.673+0000 INFO [o.n.k.i.DiagnosticsManager] Transaction log:
2018-10-06 20:46:02.674+0000 INFO [o.n.k.i.DiagnosticsManager] No transactions found in any log
2018-10-06 20:46:02.674+0000 INFO [o.n.k.i.DiagnosticsManager] --- STARTED diagnostics for TRANSACTION_RANGE END ---
2018-10-06 20:46:02.675+0000 INFO [o.n.k.i.DiagnosticsManager] --- STARTED diagnostics for KernelDiagnostics:StoreFiles START ---
2018-10-06 20:46:02.675+0000 INFO [o.n.k.i.DiagnosticsManager] Disk space on partition (Total / Free / Free %): 165418692608 / 85125382144 / 51
2018-10-06 20:46:02.676+0000 INFO [o.n.k.i.DiagnosticsManager] Storage files: (filename : modification date - size)
2018-10-06 20:46:02.680+0000 INFO [o.n.k.i.DiagnosticsManager]   index:
2018-10-06 20:46:02.681+0000 INFO [o.n.k.i.DiagnosticsManager]   - Total: 2018-10-06T22:46:01+0200 - 0.00 B
2018-10-06 20:46:02.683+0000 INFO [o.n.k.i.DiagnosticsManager]   neostore: 2018-10-06T22:46:01+0200 - 8.00 kB
2018-10-06 20:46:02.683+0000 INFO [o.n.k.i.DiagnosticsManager]   neostore.counts.db.a: 2018-10-06T22:46:01+0200 - 96.00 B
2018-10-06 20:46:02.684+0000 INFO [o.n.k.i.DiagnosticsManager]   neostore.id: 2018-10-06T22:46:01+0200 - 9.00 B
2018-10-06 20:46:02.684+0000 INFO [o.n.k.i.DiagnosticsManager]   neostore.labelscanstore.db: 2018-10-06T22:46:01+0200 - 40.00 kB
2018-10-06 20:46:02.685+0000 INFO [o.n.k.i.DiagnosticsManager]   neostore.labeltokenstore.db: 2018-10-06T22:46:00+0200 - 0.00 B
2018-10-06 20:46:02.685+0000 INFO [o.n.k.i.DiagnosticsManager]   neostore.labeltokenstore.db.id: 2018-10-06T22:46:00+0200 - 9.00 B
2018-10-06 20:46:02.685+0000 INFO [o.n.k.i.DiagnosticsManager]   neostore.labeltokenstore.db.names: 2018-10-06T22:46:00+0200 - 8.00 kB
2018-10-06 20:46:02.685+0000 INFO [o.n.k.i.DiagnosticsManager]   neostore.labeltokenstore.db.names.id: 2018-10-06T22:46:00+0200 - 9.00 B
2018-10-06 20:46:02.686+0000 INFO [o.n.k.i.DiagnosticsManager]   neostore.nodestore.db: 2018-10-06T22:45:58+0200 - 0.00 B
2018-10-06 20:46:02.686+0000 INFO [o.n.k.i.DiagnosticsManager]   neostore.nodestore.db.id: 2018-10-06T22:45:58+0200 - 9.00 B
2018-10-06 20:46:02.686+0000 INFO [o.n.k.i.DiagnosticsManager]   neostore.nodestore.db.labels: 2018-10-06T22:45:58+0200 - 8.00 kB
2018-10-06 20:46:02.687+0000 INFO [o.n.k.i.DiagnosticsManager]   neostore.nodestore.db.labels.id: 2018-10-06T22:45:58+0200 - 9.00 B
2018-10-06 20:46:02.687+0000 INFO [o.n.k.i.DiagnosticsManager]   neostore.propertystore.db: 2018-10-06T22:45:59+0200 - 0.00 B
2018-10-06 20:46:02.687+0000 INFO [o.n.k.i.DiagnosticsManager]   neostore.propertystore.db.arrays: 2018-10-06T22:45:59+0200 - 8.00 kB
2018-10-06 20:46:02.688+0000 INFO [o.n.k.i.DiagnosticsManager]   neostore.propertystore.db.arrays.id: 2018-10-06T22:45:59+0200 - 9.00 B
2018-10-06 20:46:02.688+0000 INFO [o.n.k.i.DiagnosticsManager]   neostore.propertystore.db.id: 2018-10-06T22:45:59+0200 - 9.00 B
2018-10-06 20:46:02.689+0000 INFO [o.n.k.i.DiagnosticsManager]   neostore.propertystore.db.index: 2018-10-06T22:45:58+0200 - 0.00 B
2018-10-06 20:46:02.689+0000 INFO [o.n.k.i.DiagnosticsManager]   neostore.propertystore.db.index.id: 2018-10-06T22:45:58+0200 - 9.00 B
2018-10-06 20:46:02.689+0000 INFO [o.n.k.i.DiagnosticsManager]   neostore.propertystore.db.index.keys: 2018-10-06T22:45:58+0200 - 8.00 kB
2018-10-06 20:46:02.690+0000 INFO [o.n.k.i.DiagnosticsManager]   neostore.propertystore.db.index.keys.id: 2018-10-06T22:45:58+0200 - 9.00 B
2018-10-06 20:46:02.690+0000 INFO [o.n.k.i.DiagnosticsManager]   neostore.propertystore.db.strings: 2018-10-06T22:45:58+0200 - 8.00 kB
2018-10-06 20:46:02.690+0000 INFO [o.n.k.i.DiagnosticsManager]   neostore.propertystore.db.strings.id: 2018-10-06T22:45:59+0200 - 9.00 B
2018-10-06 20:46:02.691+0000 INFO [o.n.k.i.DiagnosticsManager]   neostore.relationshipgroupstore.db: 2018-10-06T22:46:00+0200 - 8.00 kB
2018-10-06 20:46:02.691+0000 INFO [o.n.k.i.DiagnosticsManager]   neostore.relationshipgroupstore.db.id: 2018-10-06T22:46:00+0200 - 9.00 B
2018-10-06 20:46:02.691+0000 INFO [o.n.k.i.DiagnosticsManager]   neostore.relationshipstore.db: 2018-10-06T22:45:59+0200 - 0.00 B
2018-10-06 20:46:02.692+0000 INFO [o.n.k.i.DiagnosticsManager]   neostore.relationshipstore.db.id: 2018-10-06T22:45:59+0200 - 9.00 B
2018-10-06 20:46:02.692+0000 INFO [o.n.k.i.DiagnosticsManager]   neostore.relationshiptypestore.db: 2018-10-06T22:45:59+0200 - 0.00 B
2018-10-06 20:46:02.693+0000 INFO [o.n.k.i.DiagnosticsManager]   neostore.relationshiptypestore.db.id: 2018-10-06T22:46:00+0200 - 9.00 B
2018-10-06 20:46:02.693+0000 INFO [o.n.k.i.DiagnosticsManager]   neostore.relationshiptypestore.db.names: 2018-10-06T22:45:59+0200 - 8.00 kB
2018-10-06 20:46:02.693+0000 INFO [o.n.k.i.DiagnosticsManager]   neostore.relationshiptypestore.db.names.id: 2018-10-06T22:45:59+0200 - 9.00 B
2018-10-06 20:46:02.693+0000 INFO [o.n.k.i.DiagnosticsManager]   neostore.schemastore.db: 2018-10-06T22:46:00+0200 - 8.00 kB
2018-10-06 20:46:02.693+0000 INFO [o.n.k.i.DiagnosticsManager]   neostore.schemastore.db.id: 2018-10-06T22:46:00+0200 - 9.00 B
2018-10-06 20:46:02.694+0000 INFO [o.n.k.i.DiagnosticsManager]   neostore.transaction.db.0: 2018-10-06T22:46:01+0200 - 16.00 B
2018-10-06 20:46:02.694+0000 INFO [o.n.k.i.DiagnosticsManager]   store_lock: 2018-10-06T22:45:57+0200 - 0.00 B
2018-10-06 20:46:02.694+0000 INFO [o.n.k.i.DiagnosticsManager] Storage summary: 
2018-10-06 20:46:02.695+0000 INFO [o.n.k.i.DiagnosticsManager]   Total size of store: 112.24 kB
2018-10-06 20:46:02.695+0000 INFO [o.n.k.i.DiagnosticsManager]   Total size of mapped files: 112.00 kB
2018-10-06 20:46:02.695+0000 INFO [o.n.k.i.DiagnosticsManager] --- STARTED diagnostics for KernelDiagnostics:StoreFiles END ---
2018-10-06 20:46:11.824+0000 INFO [o.n.k.i.DiagnosticsManager] --- SERVER STARTED START ---
2018-10-06 20:46:23.184+0000 INFO [o.n.k.i.DiagnosticsManager] --- SERVER STARTED END ---
2018-10-06 21:05:42.122+0000 INFO [o.n.k.i.a.i.IndexPopulationJob] Index population started: [:Neo4j::Migrations::SchemaMigration(migration_id) [provider: {key=lucene+native, version=2.0}]]
2018-10-06 21:05:46.730+0000 INFO [o.n.k.i.a.i.IndexPopulationJob] Completed node store scan. Flushing all pending updates.
BatchingMultipleIndexPopulator{activeTasks=1, executor=java.util.concurrent.ThreadPoolExecutor@69892505[Running, pool size = 1, active threads = 1, queued tasks = 0, completed tasks = 0], batchedUpdates = [0 updates], queuedUpdates = 0}
2018-10-06 21:05:46.747+0000 INFO [o.n.k.i.a.i.IndexPopulationJob] Shutting down executor.
BatchingMultipleIndexPopulator{activeTasks=1, executor=java.util.concurrent.ThreadPoolExecutor@69892505[Running, pool size = 2, active threads = 1, queued tasks = 0, completed tasks = 1], batchedUpdates = [0 updates], queuedUpdates = 0}
2018-10-06 21:05:48.229+0000 INFO [o.n.k.i.a.i.IndexPopulationJob] Index population completed. Index [:Neo4j::Migrations::SchemaMigration(migration_id) [provider: {key=lucene+native, version=2.0}]] is POPULATING.
2018-10-06 21:06:29.957+0000 INFO [o.n.k.i.a.i.IndexPopulationJob] Index population started: [:User(uuid) [provider: {key=lucene+native, version=2.0}]]
2018-10-06 21:06:30.459+0000 INFO [o.n.k.i.a.i.IndexPopulationJob] Completed node store scan. Flushing all pending updates.
BatchingMultipleIndexPopulator{activeTasks=1, executor=java.util.concurrent.ThreadPoolExecutor@64edffda[Running, pool size = 1, active threads = 1, queued tasks = 0, completed tasks = 0], batchedUpdates = [0 updates], queuedUpdates = 0}
2018-10-06 21:06:30.466+0000 INFO [o.n.k.i.a.i.IndexPopulationJob] Shutting down executor.
BatchingMultipleIndexPopulator{activeTasks=1, executor=java.util.concurrent.ThreadPoolExecutor@64edffda[Running, pool size = 2, active threads = 1, queued tasks = 0, completed tasks = 1], batchedUpdates = [0 updates], queuedUpdates = 0}
2018-10-06 21:06:30.751+0000 INFO [o.n.k.i.a.i.IndexPopulationJob] Index population completed. Index [:User(uuid) [provider: {key=lucene+native, version=2.0}]] is POPULATING.
2018-10-06 21:15:51.995+0000 INFO [o.n.k.i.t.l.c.CheckPointerImpl] Checkpoint triggered by scheduler for time threshold @ txId: 13 checkpoint started...
2018-10-06 21:15:52.691+0000 INFO [o.n.k.i.s.c.CountsTracker] Rotated counts store at transaction 13 to [/home/ibrah/dev/friends_of_friends/db/neo4j/development/data/databases/graph.db/neostore.counts.db.b], from [/home/ibrah/dev/friends_of_friends/db/neo4j/development/data/databases/graph.db/neostore.counts.db.a].
2018-10-06 21:15:52.989+0000 INFO [o.n.k.i.t.l.c.CheckPointerImpl] Checkpoint triggered by scheduler for time threshold @ txId: 13 checkpoint completed in 992ms
2018-10-06 21:15:53.013+0000 INFO [o.n.k.i.t.l.p.LogPruningImpl] No log version pruned, last checkpoint was made in version 0
2018-10-06 21:30:53.066+0000 INFO [o.n.k.i.t.l.c.CheckPointerImpl] Checkpoint triggered by scheduler for time threshold @ txId: 14 checkpoint started...
2018-10-06 21:30:53.362+0000 INFO [o.n.k.i.s.c.CountsTracker] Rotated counts store at transaction 14 to [/home/ibrah/dev/friends_of_friends/db/neo4j/development/data/databases/graph.db/neostore.counts.db.a], from [/home/ibrah/dev/friends_of_friends/db/neo4j/development/data/databases/graph.db/neostore.counts.db.b].
2018-10-06 21:30:53.491+0000 INFO [o.n.k.i.t.l.c.CheckPointerImpl] Checkpoint triggered by scheduler for time threshold @ txId: 14 checkpoint completed in 423ms
2018-10-06 21:30:53.491+0000 INFO [o.n.k.i.t.l.p.LogPruningImpl] No log version pruned, last checkpoint was made in version 0
2018-10-06 21:34:47.183+0000 INFO [o.n.c.i.CommunityCompatibilityFactory] Discarded stale query from the query cache after 1591 seconds: MATCH (n:`User`) WHERE (n.uuid = {n_uuid}) RETURN n ORDER BY n.uuid LIMIT {limit_1}
2018-10-06 21:34:47.191+0000 INFO [o.n.c.i.ExecutionEngine] Discarded stale query from the query cache after 1591 seconds: MATCH (n:`User`) WHERE (n.uuid = {n_uuid}) RETURN n ORDER BY n.uuid LIMIT {limit_1}
2018-10-06 21:45:53.521+0000 INFO [o.n.k.i.t.l.c.CheckPointerImpl] Checkpoint triggered by scheduler for time threshold @ txId: 24 checkpoint started...
2018-10-06 21:45:54.445+0000 INFO [o.n.k.i.s.c.CountsTracker] Rotated counts store at transaction 24 to [/home/ibrah/dev/friends_of_friends/db/neo4j/development/data/databases/graph.db/neostore.counts.db.b], from [/home/ibrah/dev/friends_of_friends/db/neo4j/development/data/databases/graph.db/neostore.counts.db.a].
2018-10-06 21:45:54.801+0000 INFO [o.n.k.i.t.l.c.CheckPointerImpl] Checkpoint triggered by scheduler for time threshold @ txId: 24 checkpoint completed in 1s 280ms
2018-10-06 21:45:54.801+0000 INFO [o.n.k.i.t.l.p.LogPruningImpl] No log version pruned, last checkpoint was made in version 0
2018-10-06 22:18:22.539+0000 INFO [o.n.c.i.CommunityCompatibilityFactory] Discarded stale query from the query cache after 2814 seconds: MATCH (n:`User`) RETURN n ORDER BY n.uuid LIMIT {limit_1}
2018-10-06 22:18:22.554+0000 INFO [o.n.c.i.ExecutionEngine] Discarded stale query from the query cache after 2814 seconds: MATCH (n:`User`) RETURN n ORDER BY n.uuid LIMIT {limit_1}
2018-10-06 22:26:55.941+0000 INFO [o.n.c.i.CommunityCompatibilityFactory] Discarded stale query from the query cache after 4767 seconds: MATCH (n:`User`) WITH n OPTIONAL MATCH (n)-[`friends_rel`:`FRIENDSHIP`]-(`friends`) WHERE (`friends`:`User`) WITH n, [collect(`friends_rel`), collect(`friends`)] AS `friends_collection` RETURN n, [`friends_collection`]
2018-10-06 22:26:55.942+0000 INFO [o.n.c.i.ExecutionEngine] Discarded stale query from the query cache after 4767 seconds: MATCH (n:`User`) WITH n OPTIONAL MATCH (n)-[`friends_rel`:`FRIENDSHIP`]-(`friends`) WHERE (`friends`:`User`) WITH n, [collect(`friends_rel`), collect(`friends`)] AS `friends_collection` RETURN n, [`friends_collection`]
2018-10-06 22:29:29.129+0000 INFO [o.n.c.i.CommunityCompatibilityFactory] Discarded stale query from the query cache after 3377 seconds: MATCH (user20) WHERE (ID(user20) = {ID_user20}) MATCH (user20)-[rel1:`FRIENDSHIP`]-(result_friends:`User`) DELETE rel1
2018-10-06 22:29:29.142+0000 INFO [o.n.c.i.ExecutionEngine] Discarded stale query from the query cache after 3377 seconds: MATCH (user20) WHERE (ID(user20) = {ID_user20}) MATCH (user20)-[rel1:`FRIENDSHIP`]-(result_friends:`User`) DELETE rel1
2018-10-06 22:29:29.189+0000 INFO [o.n.c.i.CommunityCompatibilityFactory] Discarded stale query from the query cache after 3377 seconds: MATCH (n:`User`) WHERE (n.uuid = {n_uuid}) RETURN n LIMIT {limit_1}
2018-10-06 22:29:29.190+0000 INFO [o.n.c.i.ExecutionEngine] Discarded stale query from the query cache after 3377 seconds: MATCH (n:`User`) WHERE (n.uuid = {n_uuid}) RETURN n LIMIT {limit_1}
2018-10-06 22:29:31.742+0000 INFO [o.n.c.i.CommunityCompatibilityFactory] Discarded stale query from the query cache after 3619 seconds: MATCH (previous:`User`) WHERE (ID(previous) IN {ID_previous}) OPTIONAL MATCH (previous)-[rel1:`FRIENDSHIP`]-(next:`User`) RETURN ID(previous), collect(next)
2018-10-06 22:29:31.745+0000 INFO [o.n.c.i.ExecutionEngine] Discarded stale query from the query cache after 3619 seconds: MATCH (previous:`User`) WHERE (ID(previous) IN {ID_previous}) OPTIONAL MATCH (previous)-[rel1:`FRIENDSHIP`]-(next:`User`) RETURN ID(previous), collect(next)
2018-10-06 22:29:34.859+0000 INFO [o.n.k.i.t.l.c.CheckPointerImpl] Checkpoint triggered by scheduler for time threshold @ txId: 25 checkpoint started...
2018-10-06 22:29:35.079+0000 INFO [o.n.k.i.s.c.CountsTracker] Rotated counts store at transaction 25 to [/home/ibrah/dev/friends_of_friends/db/neo4j/development/data/databases/graph.db/neostore.counts.db.a], from [/home/ibrah/dev/friends_of_friends/db/neo4j/development/data/databases/graph.db/neostore.counts.db.b].
2018-10-06 22:29:35.175+0000 INFO [o.n.k.i.t.l.c.CheckPointerImpl] Checkpoint triggered by scheduler for time threshold @ txId: 25 checkpoint completed in 316ms
2018-10-06 22:29:35.175+0000 INFO [o.n.k.i.t.l.p.LogPruningImpl] No log version pruned, last checkpoint was made in version 0
2018-10-06 22:29:47.288+0000 INFO [o.n.c.i.CommunityCompatibilityFactory] Discarded stale query from the query cache after 3684 seconds: MATCH (previous:`User`) WHERE (ID(previous) = {ID_previous}) OPTIONAL MATCH (previous)-[rel1:`FRIENDSHIP`]-(next:`User`) RETURN ID(previous), collect(next)
2018-10-06 22:29:47.298+0000 INFO [o.n.c.i.ExecutionEngine] Discarded stale query from the query cache after 3684 seconds: MATCH (previous:`User`) WHERE (ID(previous) = {ID_previous}) OPTIONAL MATCH (previous)-[rel1:`FRIENDSHIP`]-(next:`User`) RETURN ID(previous), collect(next)
2018-10-06 22:29:47.343+0000 INFO [o.n.c.i.CommunityCompatibilityFactory] Discarded stale query from the query cache after 3636 seconds: MATCH (n:`User`) RETURN n
2018-10-06 22:29:47.344+0000 INFO [o.n.c.i.ExecutionEngine] Discarded stale query from the query cache after 3636 seconds: MATCH (n:`User`) RETURN n
2018-10-06 22:31:01.823+0000 INFO [o.n.c.i.CommunityCompatibilityFactory] Discarded stale query from the query cache after 89 seconds: MATCH (previous:`User`) WHERE (ID(previous) IN {ID_previous}) OPTIONAL MATCH (previous)-[rel1:`FRIENDSHIP`]-(next:`User`) RETURN ID(previous), collect(next)
2018-10-06 22:31:01.823+0000 INFO [o.n.c.i.ExecutionEngine] Discarded stale query from the query cache after 89 seconds: MATCH (previous:`User`) WHERE (ID(previous) IN {ID_previous}) OPTIONAL MATCH (previous)-[rel1:`FRIENDSHIP`]-(next:`User`) RETURN ID(previous), collect(next)
2018-10-06 22:31:21.891+0000 INFO [o.n.c.i.CommunityCompatibilityFactory] Discarded stale query from the query cache after 3394 seconds: MATCH (n:`User`) WHERE (n.uuid = {n_uuid}) RETURN n ORDER BY n.uuid LIMIT {limit_1}
2018-10-06 22:31:21.897+0000 INFO [o.n.c.i.ExecutionEngine] Discarded stale query from the query cache after 3394 seconds: MATCH (n:`User`) WHERE (n.uuid = {n_uuid}) RETURN n ORDER BY n.uuid LIMIT {limit_1}
2018-10-06 22:31:22.007+0000 INFO [o.n.c.i.CommunityCompatibilityFactory] Discarded stale query from the query cache after 94 seconds: MATCH (previous:`User`) WHERE (ID(previous) = {ID_previous}) OPTIONAL MATCH (previous)-[rel1:`FRIENDSHIP`]-(next:`User`) RETURN ID(previous), collect(next)
2018-10-06 22:31:22.007+0000 INFO [o.n.c.i.ExecutionEngine] Discarded stale query from the query cache after 94 seconds: MATCH (previous:`User`) WHERE (ID(previous) = {ID_previous}) OPTIONAL MATCH (previous)-[rel1:`FRIENDSHIP`]-(next:`User`) RETURN ID(previous), collect(next)
